<?xml version="1.0" encoding="UTF-8"?>
<testng-results skipped="0" failed="0" total="4" passed="4">
  <reporter-output>
  </reporter-output>
  <suite name="Default suite" duration-ms="24098" started-at="2015-02-14T02:54:08Z" finished-at="2015-02-14T02:54:32Z">
    <groups>
    </groups>
    <test name="Default test" duration-ms="24098" started-at="2015-02-14T02:54:08Z" finished-at="2015-02-14T02:54:32Z">
      <class name="com.example.tests.GroupCreationTests">
        <test-method status="PASS" signature="testEmptyGroupCreation()[pri:0, instance:com.example.tests.GroupCreationTests@2842cace]" name="testEmptyGroupCreation" duration-ms="3004" started-at="2015-02-14T03:54:16Z" finished-at="2015-02-14T03:54:19Z">
          <reporter-output>
          </reporter-output>
        </test-method> <!-- testEmptyGroupCreation -->
        <test-method status="PASS" signature="testNonEmptyGroupCreation()[pri:0, instance:com.example.tests.GroupCreationTests@2842cace]" name="testNonEmptyGroupCreation" duration-ms="2809" started-at="2015-02-14T03:54:19Z" finished-at="2015-02-14T03:54:21Z">
          <reporter-output>
          </reporter-output>
        </test-method> <!-- testNonEmptyGroupCreation -->
      </class> <!-- com.example.tests.GroupCreationTests -->
      <class name="com.example.tests.ContactCreationTests">
        <test-method status="PASS" signature="setUp()[pri:0, instance:com.example.tests.ContactCreationTests@31f3f16b]" name="setUp" is-config="true" duration-ms="7466" started-at="2015-02-14T03:54:08Z" finished-at="2015-02-14T03:54:16Z">
          <reporter-output>
          </reporter-output>
        </test-method> <!-- setUp -->
        <test-method status="PASS" signature="testEmptyContactCreation()[pri:0, instance:com.example.tests.ContactCreationTests@31f3f16b]" name="testEmptyContactCreation" duration-ms="4816" started-at="2015-02-14T03:54:21Z" finished-at="2015-02-14T03:54:26Z">
          <reporter-output>
          </reporter-output>
        </test-method> <!-- testEmptyContactCreation -->
        <test-method status="PASS" signature="testNonEmptyContactCreation()[pri:0, instance:com.example.tests.ContactCreationTests@31f3f16b]" name="testNonEmptyContactCreation" duration-ms="5712" started-at="2015-02-14T03:54:26Z" finished-at="2015-02-14T03:54:32Z">
          <reporter-output>
          </reporter-output>
        </test-method> <!-- testNonEmptyContactCreation -->
        <test-method status="PASS" signature="tearDown()[pri:0, instance:com.example.tests.ContactCreationTests@31f3f16b]" name="tearDown" is-config="true" duration-ms="262" started-at="2015-02-14T03:54:32Z" finished-at="2015-02-14T03:54:32Z">
          <reporter-output>
          </reporter-output>
        </test-method> <!-- tearDown -->
      </class> <!-- com.example.tests.ContactCreationTests -->
    </test> <!-- Default test -->
  </suite> <!-- Default suite -->
</testng-results>
