<?xml version="1.0" encoding="UTF-8"?>
<!-- Generated by org.testng.reporters.JUnitXMLReporter -->
<testsuite hostname="tzabrodskaya-PC" name="Default test" tests="4" failures="0" timestamp="14 Feb 2015 02:54:32 GMT" time="24.098" errors="0">
  <testcase name="testEmptyGroupCreation" time="3.004" classname="com.example.tests.GroupCreationTests"/>
  <testcase name="testNonEmptyGroupCreation" time="2.809" classname="com.example.tests.GroupCreationTests"/>
  <testcase name="testEmptyContactCreation" time="4.816" classname="com.example.tests.ContactCreationTests"/>
  <testcase name="testNonEmptyContactCreation" time="5.712" classname="com.example.tests.ContactCreationTests"/>
</testsuite> <!-- Default test -->
